<?xml version="1.0" encoding="UTF-8"?>
<!-- Generated by org.testng.reporters.JUnitReportReporter -->
<testsuite hostname="DESKTOP-7HB7G5H" failures="0" tests="1" name="QA.Bdd_Proj2.DriverManager" time="23.154" errors="0" timestamp="2022-08-02T11:08:43 IST" skipped="0">
  <testcase classname="QA.Bdd_Proj2.DriverManager" name="method1" time="23.154"/>
  <system-out/>
</testsuite> <!-- QA.Bdd_Proj2.DriverManager -->
